----Statistics from Golden Section Scan----
Sorted by Appearances:
3ECO 1.0 75.5617082634
3H09 1.0 226.386788629
2ZFW 1.0 115.241865592
2VAK 1.0 301.804192182
3GWY 1.0 130.327588493
1B77 1.0 159.872458311
2EK0 1.0 116.724712512
1PZN 1.0 1193.89246776
2FPE 1.0 156.6041834
2HFK 1.0 238.845753056
1RHF 1.0 123.983575199
2IXS 1.0 315.762143885
1R94 1.0 1323.60051593
2PZI 1.0 127.093082259
3ICX 1.0 107.913927679
1XW3 1.0 124.50111887
3C5P 1.0 205.917546426
2NOV 1.0 123.809765575
1WPB 1.0 128.453738677
1H1O 1.0 168.504223207
3FOD 1.0 383.781751095
2PFD 1.0 100.055438605
2W08 1.0 148.149862925
2EXT 1.0 1235.2462631
1CZD 1.0 163.345772423
3IN6 1.0 377.750769116
1N0E 1.0 125.156803616
3H46 1.0 1383.71323995
1EEJ 1.0 133.762803086
43C9 1.0 68.9223798232
1JJH 1.0 168.5925816
1TR0 1.0 1382.75664624
2OH5 1.0 203.249538485
2JCG 1.0 174.130316645
1CQ4 1.0 923.970488755
2Z6E 1.0 173.82817691
2AWA 1.0 182.948834716
2NSC 1.0 196.169867778
2BUJ 1.0 104.133073437
1P49 1.0 67.0703384519
1ZKE 1.0 106.403099591
2GQF 1.0 132.478551906
2INR 1.0 76.5827825104
1WAP 1.0 1255.97954991
1Q5X 1.0 1271.45665249
2V9U 1.0 1280.63165293
1ZA6 1.0 1389.97059611
2Q06 1.0 112.628092288
3EYT 1.0 170.691209151
1AB4 2.0 144.994634885
2PG4 2.0 123.494975477
1T07 2.0 171.501134009
3BJO 2.0 126.163707231
2P1Y 8.0 150.152906267
1I4A 8.0 152.304505649
1B33 8.0 137.726030331
2FIQ 8.0 128.846453794
1JSG 8.0 110.704174734
2OQR 8.0 129.598107027
3ELF 8.0 101.961037672
3FBY 9.0 58.6782602132
3FCN 9.0 53.954843532
2WAD 9.0 62.9248041185
Sorted by Average Score:
3FCN 9.0 53.954843532
3FBY 9.0 58.6782602132
2WAD 9.0 62.9248041185
1P49 1.0 67.0703384519
43C9 1.0 68.9223798232
3ECO 1.0 75.5617082634
2INR 1.0 76.5827825104
2PFD 1.0 100.055438605
3ELF 8.0 101.961037672
2BUJ 1.0 104.133073437
1ZKE 1.0 106.403099591
3ICX 1.0 107.913927679
1JSG 8.0 110.704174734
2Q06 1.0 112.628092288
2ZFW 1.0 115.241865592
2EK0 1.0 116.724712512
2PG4 2.0 123.494975477
2NOV 1.0 123.809765575
1RHF 1.0 123.983575199
1XW3 1.0 124.50111887
1N0E 1.0 125.156803616
3BJO 2.0 126.163707231
2PZI 1.0 127.093082259
1WPB 1.0 128.453738677
2FIQ 8.0 128.846453794
2OQR 8.0 129.598107027
3GWY 1.0 130.327588493
2GQF 1.0 132.478551906
1EEJ 1.0 133.762803086
1B33 8.0 137.726030331
1AB4 2.0 144.994634885
2W08 1.0 148.149862925
2P1Y 8.0 150.152906267
1I4A 8.0 152.304505649
2FPE 1.0 156.6041834
1B77 1.0 159.872458311
1CZD 1.0 163.345772423
1H1O 1.0 168.504223207
1JJH 1.0 168.5925816
3EYT 1.0 170.691209151
1T07 2.0 171.501134009
2Z6E 1.0 173.82817691
2JCG 1.0 174.130316645
2AWA 1.0 182.948834716
2NSC 1.0 196.169867778
2OH5 1.0 203.249538485
3C5P 1.0 205.917546426
3H09 1.0 226.386788629
2HFK 1.0 238.845753056
2VAK 1.0 301.804192182
2IXS 1.0 315.762143885
3IN6 1.0 377.750769116
3FOD 1.0 383.781751095
1CQ4 1.0 923.970488755
1PZN 1.0 1193.89246776
2EXT 1.0 1235.2462631
1WAP 1.0 1255.97954991
1Q5X 1.0 1271.45665249
2V9U 1.0 1280.63165293
1R94 1.0 1323.60051593
1TR0 1.0 1382.75664624
3H46 1.0 1383.71323995
1ZA6 1.0 1389.97059611
----Statistics from Local Scan----
Sorted by Appearances:
2AWA 1.0 190.159730227
1V5W 1.0 126.089626545
1U7B 1.0 200.692632576
2INR 1.0 124.620683257
1H8G 1.0 164.713256952
1OK7 1.0 209.624849884
1ZKE 1.0 114.173486281
1ORV 1.0 212.934504492
1H1O 2.0 178.88369009
1VCF 2.0 180.486656787
2PFD 2.0 124.464387604
2PZI 2.0 133.159571256
1B33 3.0 142.951417966
1N0E 3.0 110.405926811
1AB4 3.0 126.47027664
3GWY 3.0 125.059845328
1JJH 3.0 128.829326689
2W08 3.0 139.740800698
2Q06 3.0 125.939642343
3EYT 3.0 196.176354333
2FIQ 3.0 135.606385433
1XW3 3.0 118.44727868
2PG4 4.0 103.033276911
3ELF 4.0 114.463005145
2OQR 4.0 141.976669235
2GQF 4.0 149.551918016
3BJO 4.0 100.993651054
1JSG 4.0 130.670436827
1P49 4.0 87.4015941156
3FCN 5.0 75.394094745
2P1Y 5.0 124.92711074
2WAD 5.0 71.4185891158
1I4A 5.0 166.20390707
3FBY 6.0 88.6332286406
Sorted by Average Score:
2WAD 5.0 71.4185891158
3FCN 5.0 75.394094745
1P49 4.0 87.4015941156
3FBY 6.0 88.6332286406
3BJO 4.0 100.993651054
2PG4 4.0 103.033276911
1N0E 3.0 110.405926811
1ZKE 1.0 114.173486281
3ELF 4.0 114.463005145
1XW3 3.0 118.44727868
2PFD 2.0 124.464387604
2INR 1.0 124.620683257
2P1Y 5.0 124.92711074
3GWY 3.0 125.059845328
2Q06 3.0 125.939642343
1V5W 1.0 126.089626545
1AB4 3.0 126.47027664
1JJH 3.0 128.829326689
1JSG 4.0 130.670436827
2PZI 2.0 133.159571256
2FIQ 3.0 135.606385433
2W08 3.0 139.740800698
2OQR 4.0 141.976669235
1B33 3.0 142.951417966
2GQF 4.0 149.551918016
1H8G 1.0 164.713256952
1I4A 5.0 166.20390707
1H1O 2.0 178.88369009
1VCF 2.0 180.486656787
2AWA 1.0 190.159730227
3EYT 3.0 196.176354333
1U7B 1.0 200.692632576
1OK7 1.0 209.624849884
1ORV 1.0 212.934504492
