----Statistics from Golden Section Scan----
Sorted by Appearances:
3B77 1.0 375.495055755
2UZ8 1.0 87.4611747736
2G7I 1.0 87.0843164143
2E8E 1.0 51.0387295734
2CS7 1.0 67.0132818903
1U2M 1.0 116.663836049
3DLQ 1.0 238.1470854
2V5I 1.0 45.7977583972
3DA0 1.0 90.277100201
3F9U 1.0 102.248577447
3E7Q 1.0 91.8717438337
2VPQ 1.0 50.8418348847
2QKW 1.0 109.028675237
2W43 1.0 92.3846625247
1CQ4 1.0 421.804692149
2RHM 1.0 100.632778139
1IQC 1.0 101.524757431
1PUG 1.0 85.7263041882
1HKQ 1.0 79.5646487838
1QH4 1.0 73.3969954993
2NZ7 1.0 588.426199761
3II0 1.0 94.2110002835
1Y82 1.0 53.5498665401
3H2S 1.0 91.5440949056
1W61 1.0 68.4942413061
3CES 1.0 108.499848347
2QOG 1.0 46.1255621341
2BDR 1.0 75.7753972913
1EXS 1.0 69.5945819559
1A0M 1.0 83.5747696225
2DX0 1.0 103.645309618
3CAO 1.0 432.726260038
1PZN 1.0 370.937366015
3BIC 1.0 97.0558670864
1Z8G 1.0 90.5941950688
1I07 1.0 56.1407570983
1W9A 1.0 49.8321294093
1OK8 1.0 59.9662489336
2EWS 1.0 78.7175379849
3EW0 1.0 203.598778912
3DF8 1.0 82.5934473587
2IUH 1.0 617.424638711
3H46 1.0 517.573000684
1J4A 1.0 71.6581164712
3BBY 1.0 76.3758810144
2BPL 1.0 73.0574005604
1CFB 1.0 481.727692399
2E50 1.0 1000.38168967
2RB6 1.0 76.5453411783
3C9U 1.0 78.5792429513
1ND6 1.0 76.1366726911
3EZ1 1.0 69.2777935581
2P3H 1.0 47.7018248301
1YRK 1.0 65.0854510037
2VDR 1.0 1104.81684466
3EN2 1.0 99.2889046296
3DRW 1.0 81.1525291297
1BY9 1.0 96.2780849524
1H8G 1.0 370.349105532
1B34 1.0 181.780378197
1J0W 1.0 91.0187098499
3CVR 1.0 75.4991902581
2RAU 1.0 97.0205140829
1EQW 1.0 50.4061782515
3D0W 1.0 75.7412836155
1B0N 1.0 66.2353381659
1RQB 1.0 83.6023875594
2PBI 1.0 53.2305187351
3HTR 1.0 85.7598361895
1SKZ 1.0 71.5381597239
1Y14 1.0 90.2146716568
3GG9 1.0 117.798321365
1VZJ 1.0 57.6295294823
1ZA6 1.0 581.0433868
2W3Q 1.0 145.651930492
3EZ2 1.0 73.4517001951
1V5W 1.0 413.939525758
2FB5 1.0 447.949271645
2BMX 1.0 73.2691159395
1QSM 1.0 49.7933384872
1SV0 1.0 86.0777665015
2RD1 1.0 66.8277915481
2UVK 1.0 64.2746505415
2F69 1.0 61.6673953596
1OEY 1.0 74.8699141346
2A9U 1.0 442.334262437
3E9K 1.0 64.5594254502
1UVQ 1.0 88.622159917
1UZ3 1.0 473.947966002
2VJI 2.0 44.7045587428
1YZX 2.0 69.1800777435
3EI3 2.0 64.2004469301
2VFO 2.0 59.2912821761
1MFT 2.0 69.9169963485
3F02 2.0 73.7168196623
2PA7 2.0 61.941795182
3I7D 2.0 50.4863831781
2C1L 2.0 64.1271860868
2P3P 2.0 61.3545299217
1GS5 2.0 65.9276225363
3IBM 3.0 48.7904207162
1KJQ 3.0 52.8539098676
2RB9 3.0 62.6380241849
Sorted by Average Score:
2VJI 2.0 44.7045587428
2V5I 1.0 45.7977583972
2QOG 1.0 46.1255621341
2P3H 1.0 47.7018248301
3IBM 3.0 48.7904207162
1QSM 1.0 49.7933384872
1W9A 1.0 49.8321294093
1EQW 1.0 50.4061782515
3I7D 2.0 50.4863831781
2VPQ 1.0 50.8418348847
2E8E 1.0 51.0387295734
1KJQ 3.0 52.8539098676
2PBI 1.0 53.2305187351
1Y82 1.0 53.5498665401
1I07 1.0 56.1407570983
1VZJ 1.0 57.6295294823
2VFO 2.0 59.2912821761
1OK8 1.0 59.9662489336
2P3P 2.0 61.3545299217
2F69 1.0 61.6673953596
2PA7 2.0 61.941795182
2RB9 3.0 62.6380241849
2C1L 2.0 64.1271860868
3EI3 2.0 64.2004469301
2UVK 1.0 64.2746505415
3E9K 1.0 64.5594254502
1YRK 1.0 65.0854510037
1GS5 2.0 65.9276225363
1B0N 1.0 66.2353381659
2RD1 1.0 66.8277915481
2CS7 1.0 67.0132818903
1W61 1.0 68.4942413061
1YZX 2.0 69.1800777435
3EZ1 1.0 69.2777935581
1EXS 1.0 69.5945819559
1MFT 2.0 69.9169963485
1SKZ 1.0 71.5381597239
1J4A 1.0 71.6581164712
2BPL 1.0 73.0574005604
2BMX 1.0 73.2691159395
1QH4 1.0 73.3969954993
3EZ2 1.0 73.4517001951
3F02 2.0 73.7168196623
1OEY 1.0 74.8699141346
3CVR 1.0 75.4991902581
3D0W 1.0 75.7412836155
2BDR 1.0 75.7753972913
1ND6 1.0 76.1366726911
3BBY 1.0 76.3758810144
2RB6 1.0 76.5453411783
3C9U 1.0 78.5792429513
2EWS 1.0 78.7175379849
1HKQ 1.0 79.5646487838
3DRW 1.0 81.1525291297
3DF8 1.0 82.5934473587
1A0M 1.0 83.5747696225
1RQB 1.0 83.6023875594
1PUG 1.0 85.7263041882
3HTR 1.0 85.7598361895
1SV0 1.0 86.0777665015
2G7I 1.0 87.0843164143
2UZ8 1.0 87.4611747736
1UVQ 1.0 88.622159917
1Y14 1.0 90.2146716568
3DA0 1.0 90.277100201
1Z8G 1.0 90.5941950688
1J0W 1.0 91.0187098499
3H2S 1.0 91.5440949056
3E7Q 1.0 91.8717438337
2W43 1.0 92.3846625247
3II0 1.0 94.2110002835
1BY9 1.0 96.2780849524
2RAU 1.0 97.0205140829
3BIC 1.0 97.0558670864
3EN2 1.0 99.2889046296
2RHM 1.0 100.632778139
1IQC 1.0 101.524757431
3F9U 1.0 102.248577447
2DX0 1.0 103.645309618
3CES 1.0 108.499848347
2QKW 1.0 109.028675237
1U2M 1.0 116.663836049
3GG9 1.0 117.798321365
2W3Q 1.0 145.651930492
1B34 1.0 181.780378197
3EW0 1.0 203.598778912
3DLQ 1.0 238.1470854
1H8G 1.0 370.349105532
1PZN 1.0 370.937366015
3B77 1.0 375.495055755
1V5W 1.0 413.939525758
1CQ4 1.0 421.804692149
3CAO 1.0 432.726260038
2A9U 1.0 442.334262437
2FB5 1.0 447.949271645
1UZ3 1.0 473.947966002
1CFB 1.0 481.727692399
3H46 1.0 517.573000684
1ZA6 1.0 581.0433868
2NZ7 1.0 588.426199761
2IUH 1.0 617.424638711
2E50 1.0 1000.38168967
2VDR 1.0 1104.81684466
----Statistics from Local Scan----
Sorted by Appearances:
3FHW 1.0 48.5272411554
1TWD 1.0 70.7429156863
1RZN 1.0 60.8942872447
2F9D 1.0 56.3365440943
2G7I 1.0 80.8256038959
2VKL 1.0 82.3009503845
2E8E 1.0 46.2967194222
2GA0 1.0 119.813413723
3DA0 1.0 86.5702151621
3G7S 1.0 62.048196769
3FZV 1.0 50.3549188505
2ZIG 1.0 80.6447143535
3F3B 1.0 62.6558540895
2WEA 1.0 97.2392529358
2DTR 1.0 100.548538514
2VPA 1.0 58.255661046
1QH4 1.0 76.8044840089
2OM6 1.0 80.7339240115
2GEC 1.0 63.8994547532
3H2S 1.0 81.2379532863
2IIR 1.0 93.6590106234
3E48 1.0 77.5861481541
1EQW 1.0 55.6952463695
2DTC 1.0 62.9660706325
1J27 1.0 91.2572053214
3CES 1.0 57.1206733788
2QOG 1.0 56.7172814904
1OV9 1.0 66.0859585017
1EXS 1.0 54.370878785
1A0M 1.0 95.1845564666
2HRZ 1.0 90.8552383497
2F9I 1.0 92.7247625028
2DX0 1.0 72.1964524426
2PS1 1.0 95.8812140127
1B8X 1.0 105.146422821
1MKM 1.0 95.0379382806
1AQC 1.0 78.8029145956
1FSE 1.0 108.461289875
3D6K 1.0 66.2704928364
1TU5 1.0 73.9853656638
1I07 1.0 55.5444020102
1W9A 1.0 82.4343569478
2EWS 1.0 76.4305114142
1ZK7 1.0 94.1362895115
1FLK 1.0 225.309180258
2QKW 1.0 56.1038787366
1YZX 1.0 50.9282994419
1V96 1.0 68.6464353972
1ZUD 1.0 70.8595298809
2BPL 1.0 53.331937722
2GUZ 1.0 67.4684747013
2J05 1.0 93.4496990974
2IXC 1.0 64.8058205278
2DC3 1.0 161.160741826
2ISY 1.0 102.553971486
2MEV 1.0 57.9590589517
2A6H 1.0 229.020700167
1HUU 1.0 52.3180738866
1YYV 1.0 67.8647521044
2QYC 1.0 87.4130745517
2PLA 1.0 77.1812353572
1ZOY 1.0 189.850958096
2AYU 1.0 107.999454633
1ZOQ 1.0 72.8252493524
1VM8 1.0 75.464246743
2JD3 1.0 60.2936684363
2CSU 1.0 88.3541777889
3C5T 1.0 62.7169322152
2BTU 1.0 89.5227432384
2GCG 1.0 99.5737686182
1B0N 1.0 72.4992860701
1Z9M 1.0 58.6918975146
1R1U 1.0 64.1644049223
1SKZ 1.0 68.0423381871
1Y14 1.0 79.734706183
2QMO 1.0 83.4989310574
2FUL 1.0 112.063021785
1SV0 1.0 96.1038984156
1Z8G 1.0 86.5558073502
2UVK 1.0 69.3870785226
2QR4 1.0 74.2402213102
3B8B 1.0 90.5665719842
1TUK 1.0 86.6179348462
3BID 1.0 187.704237301
3CKY 1.0 87.6887383492
1AFS 1.0 95.0900193511
1RMD 1.0 80.8510511614
1R1Q 1.0 64.0591041961
1UKK 1.0 71.2286282441
1WWC 1.0 163.573322383
3FKD 1.0 85.3635383912
1SQ5 1.0 69.71601944
2NNA 1.0 82.5677331297
1BG5 1.0 56.6726323183
3EC8 1.0 48.930219443
2VRN 1.0 87.7113962098
2EPL 1.0 53.5476784861
2FQM 1.0 124.545589247
2P0S 1.0 208.767964486
2RB6 1.0 57.8851572893
Sorted by Average Score:
2E8E 1.0 46.2967194222
3FHW 1.0 48.5272411554
3EC8 1.0 48.930219443
3FZV 1.0 50.3549188505
1YZX 1.0 50.9282994419
1HUU 1.0 52.3180738866
2BPL 1.0 53.331937722
2EPL 1.0 53.5476784861
1EXS 1.0 54.370878785
1I07 1.0 55.5444020102
1EQW 1.0 55.6952463695
2QKW 1.0 56.1038787366
2F9D 1.0 56.3365440943
1BG5 1.0 56.6726323183
2QOG 1.0 56.7172814904
3CES 1.0 57.1206733788
2RB6 1.0 57.8851572893
2MEV 1.0 57.9590589517
2VPA 1.0 58.255661046
1Z9M 1.0 58.6918975146
2JD3 1.0 60.2936684363
1RZN 1.0 60.8942872447
3G7S 1.0 62.048196769
3F3B 1.0 62.6558540895
3C5T 1.0 62.7169322152
2DTC 1.0 62.9660706325
2GEC 1.0 63.8994547532
1R1Q 1.0 64.0591041961
1R1U 1.0 64.1644049223
2IXC 1.0 64.8058205278
1OV9 1.0 66.0859585017
3D6K 1.0 66.2704928364
2GUZ 1.0 67.4684747013
1YYV 1.0 67.8647521044
1SKZ 1.0 68.0423381871
1V96 1.0 68.6464353972
2UVK 1.0 69.3870785226
1SQ5 1.0 69.71601944
1TWD 1.0 70.7429156863
1ZUD 1.0 70.8595298809
1UKK 1.0 71.2286282441
2DX0 1.0 72.1964524426
1B0N 1.0 72.4992860701
1ZOQ 1.0 72.8252493524
1TU5 1.0 73.9853656638
2QR4 1.0 74.2402213102
1VM8 1.0 75.464246743
2EWS 1.0 76.4305114142
1QH4 1.0 76.8044840089
2PLA 1.0 77.1812353572
3E48 1.0 77.5861481541
1AQC 1.0 78.8029145956
1Y14 1.0 79.734706183
2ZIG 1.0 80.6447143535
2OM6 1.0 80.7339240115
2G7I 1.0 80.8256038959
1RMD 1.0 80.8510511614
3H2S 1.0 81.2379532863
2VKL 1.0 82.3009503845
1W9A 1.0 82.4343569478
2NNA 1.0 82.5677331297
2QMO 1.0 83.4989310574
3FKD 1.0 85.3635383912
1Z8G 1.0 86.5558073502
3DA0 1.0 86.5702151621
1TUK 1.0 86.6179348462
2QYC 1.0 87.4130745517
3CKY 1.0 87.6887383492
2VRN 1.0 87.7113962098
2CSU 1.0 88.3541777889
2BTU 1.0 89.5227432384
3B8B 1.0 90.5665719842
2HRZ 1.0 90.8552383497
1J27 1.0 91.2572053214
2F9I 1.0 92.7247625028
2J05 1.0 93.4496990974
2IIR 1.0 93.6590106234
1ZK7 1.0 94.1362895115
1MKM 1.0 95.0379382806
1AFS 1.0 95.0900193511
1A0M 1.0 95.1845564666
2PS1 1.0 95.8812140127
1SV0 1.0 96.1038984156
2WEA 1.0 97.2392529358
2GCG 1.0 99.5737686182
2DTR 1.0 100.548538514
2ISY 1.0 102.553971486
1B8X 1.0 105.146422821
2AYU 1.0 107.999454633
1FSE 1.0 108.461289875
2FUL 1.0 112.063021785
2GA0 1.0 119.813413723
2FQM 1.0 124.545589247
2DC3 1.0 161.160741826
1WWC 1.0 163.573322383
3BID 1.0 187.704237301
1ZOY 1.0 189.850958096
2P0S 1.0 208.767964486
1FLK 1.0 225.309180258
2A6H 1.0 229.020700167
----Statistics from Golden Section Scan----
Sorted by Appearances:
3B77 1.0 375.495055755
2UZ8 1.0 87.4611747736
2G7I 1.0 87.0843164143
2E8E 1.0 51.0387295734
2CS7 1.0 67.0132818903
1U2M 1.0 116.663836049
3DLQ 1.0 238.1470854
2V5I 1.0 45.7977583972
3DA0 1.0 90.277100201
3F9U 1.0 102.248577447
3E7Q 1.0 91.8717438337
2VPQ 1.0 50.8418348847
2QKW 1.0 109.028675237
2W43 1.0 92.3846625247
1CQ4 1.0 421.804692149
2RHM 1.0 100.632778139
1IQC 1.0 101.524757431
1PUG 1.0 85.7263041882
1HKQ 1.0 79.5646487838
1QH4 1.0 73.3969954993
2NZ7 1.0 588.426199761
3II0 1.0 94.2110002836
1Y82 1.0 53.5498665401
3H2S 1.0 91.5440949056
1W61 1.0 68.4942413061
3CES 1.0 108.499848347
2QOG 1.0 46.1255621341
2BDR 1.0 75.7753972913
1EXS 1.0 69.5945819559
1A0M 1.0 83.5747696225
2DX0 1.0 103.645309618
3CAO 1.0 432.726260038
1PZN 1.0 370.937366015
3BIC 1.0 97.0558670864
1Z8G 1.0 90.5941950688
1I07 1.0 56.1407570983
1W9A 1.0 49.8321294093
1OK8 1.0 59.9662489336
2EWS 1.0 78.7175379849
3EW0 1.0 203.598778912
3DF8 1.0 82.5934473587
2IUH 1.0 617.424638711
3H46 1.0 517.573000684
1J4A 1.0 71.6581164712
3BBY 1.0 76.3758810144
2BPL 1.0 73.0574005604
1CFB 1.0 481.727692399
2E50 1.0 1000.38168967
2RB6 1.0 76.5453411783
3C9U 1.0 78.5792429513
1ND6 1.0 76.1366726911
3EZ1 1.0 69.2777935581
2P3H 1.0 47.7018248301
1YRK 1.0 65.0854510037
2VDR 1.0 1104.81684466
3EN2 1.0 99.2889046296
3DRW 1.0 81.1525291297
1BY9 1.0 96.2780849524
1H8G 1.0 370.349105532
1B34 1.0 181.780378197
1J0W 1.0 91.0187098499
3CVR 1.0 75.4991902581
2RAU 1.0 97.0205140829
1EQW 1.0 50.4061782515
3D0W 1.0 75.7412836155
1B0N 1.0 66.2353381659
1RQB 1.0 83.6023875595
2PBI 1.0 53.2305187351
3HTR 1.0 85.7598361895
1SKZ 1.0 71.5381597239
1Y14 1.0 90.2146716568
3GG9 1.0 117.798321365
1VZJ 1.0 57.6295294823
1ZA6 1.0 581.0433868
2W3Q 1.0 145.651930492
3EZ2 1.0 73.4517001951
1V5W 1.0 413.939525758
2FB5 1.0 447.949271645
2BMX 1.0 73.2691159395
1QSM 1.0 49.7933384872
1SV0 1.0 86.0777665015
2RD1 1.0 66.8277915481
2UVK 1.0 64.2746505415
2F69 1.0 61.6673953596
1OEY 1.0 74.8699141346
2A9U 1.0 442.334262437
3E9K 1.0 64.5594254502
1UVQ 1.0 88.622159917
1UZ3 1.0 473.947966002
2VJI 2.0 44.7045587428
1YZX 2.0 69.1800777435
3EI3 2.0 64.2004469301
2VFO 2.0 59.2912821761
1MFT 2.0 69.9169963485
3F02 2.0 73.7168196623
2PA7 2.0 61.941795182
3I7D 2.0 50.4863831781
2C1L 2.0 64.1271860868
2P3P 2.0 61.3545299217
1GS5 2.0 65.9276225363
3IBM 3.0 48.7904207162
1KJQ 3.0 52.8539098676
2RB9 3.0 62.6380241849
Sorted by Average Score:
2VJI 2.0 44.7045587428
2V5I 1.0 45.7977583972
2QOG 1.0 46.1255621341
2P3H 1.0 47.7018248301
3IBM 3.0 48.7904207162
1QSM 1.0 49.7933384872
1W9A 1.0 49.8321294093
1EQW 1.0 50.4061782515
3I7D 2.0 50.4863831781
2VPQ 1.0 50.8418348847
2E8E 1.0 51.0387295734
1KJQ 3.0 52.8539098676
2PBI 1.0 53.2305187351
1Y82 1.0 53.5498665401
1I07 1.0 56.1407570983
1VZJ 1.0 57.6295294823
2VFO 2.0 59.2912821761
1OK8 1.0 59.9662489336
2P3P 2.0 61.3545299217
2F69 1.0 61.6673953596
2PA7 2.0 61.941795182
2RB9 3.0 62.6380241849
2C1L 2.0 64.1271860868
3EI3 2.0 64.2004469301
2UVK 1.0 64.2746505415
3E9K 1.0 64.5594254502
1YRK 1.0 65.0854510037
1GS5 2.0 65.9276225363
1B0N 1.0 66.2353381659
2RD1 1.0 66.8277915481
2CS7 1.0 67.0132818903
1W61 1.0 68.4942413061
1YZX 2.0 69.1800777435
3EZ1 1.0 69.2777935581
1EXS 1.0 69.5945819559
1MFT 2.0 69.9169963485
1SKZ 1.0 71.5381597239
1J4A 1.0 71.6581164712
2BPL 1.0 73.0574005604
2BMX 1.0 73.2691159395
1QH4 1.0 73.3969954993
3EZ2 1.0 73.4517001951
3F02 2.0 73.7168196623
1OEY 1.0 74.8699141346
3CVR 1.0 75.4991902581
3D0W 1.0 75.7412836155
2BDR 1.0 75.7753972913
1ND6 1.0 76.1366726911
3BBY 1.0 76.3758810144
2RB6 1.0 76.5453411783
3C9U 1.0 78.5792429513
2EWS 1.0 78.7175379849
1HKQ 1.0 79.5646487838
3DRW 1.0 81.1525291297
3DF8 1.0 82.5934473587
1A0M 1.0 83.5747696225
1RQB 1.0 83.6023875595
1PUG 1.0 85.7263041882
3HTR 1.0 85.7598361895
1SV0 1.0 86.0777665015
2G7I 1.0 87.0843164143
2UZ8 1.0 87.4611747736
1UVQ 1.0 88.622159917
1Y14 1.0 90.2146716568
3DA0 1.0 90.277100201
1Z8G 1.0 90.5941950688
1J0W 1.0 91.0187098499
3H2S 1.0 91.5440949056
3E7Q 1.0 91.8717438337
2W43 1.0 92.3846625247
3II0 1.0 94.2110002836
1BY9 1.0 96.2780849524
2RAU 1.0 97.0205140829
3BIC 1.0 97.0558670864
3EN2 1.0 99.2889046296
2RHM 1.0 100.632778139
1IQC 1.0 101.524757431
3F9U 1.0 102.248577447
2DX0 1.0 103.645309618
3CES 1.0 108.499848347
2QKW 1.0 109.028675237
1U2M 1.0 116.663836049
3GG9 1.0 117.798321365
2W3Q 1.0 145.651930492
1B34 1.0 181.780378197
3EW0 1.0 203.598778912
3DLQ 1.0 238.1470854
1H8G 1.0 370.349105532
1PZN 1.0 370.937366015
3B77 1.0 375.495055755
1V5W 1.0 413.939525758
1CQ4 1.0 421.804692149
3CAO 1.0 432.726260038
2A9U 1.0 442.334262437
2FB5 1.0 447.949271645
1UZ3 1.0 473.947966002
1CFB 1.0 481.727692399
3H46 1.0 517.573000684
1ZA6 1.0 581.0433868
2NZ7 1.0 588.426199761
2IUH 1.0 617.424638711
2E50 1.0 1000.38168967
2VDR 1.0 1104.81684466
----Statistics from Local Scan----
Sorted by Appearances:
3FHW 1.0 48.5272411554
1TWD 1.0 70.7429156863
1RZN 1.0 60.8942872447
2F9D 1.0 56.3365440943
2G7I 1.0 80.8256038959
2VKL 1.0 82.3009503845
2E8E 1.0 46.2967194222
2GA0 1.0 119.813413723
3DA0 1.0 86.5702151621
3G7S 1.0 62.048196769
3FZV 1.0 50.3549188505
2ZIG 1.0 80.6447143535
3F3B 1.0 62.6558540895
2WEA 1.0 97.2392529357
2DTR 1.0 100.548538514
2VPA 1.0 58.255661046
1QH4 1.0 76.8044840089
2OM6 1.0 80.7339240115
2GEC 1.0 63.8994547532
3H2S 1.0 81.2379532863
2IIR 1.0 93.6590106234
3E48 1.0 77.5861481541
1EQW 1.0 55.6952463695
2DTC 1.0 62.9660706325
1J27 1.0 91.2572053214
3CES 1.0 57.1206733788
2QOG 1.0 56.7172814904
1OV9 1.0 66.0859585017
1EXS 1.0 54.370878785
1A0M 1.0 95.1845564666
2HRZ 1.0 90.8552383497
2F9I 1.0 92.7247625028
2DX0 1.0 72.1964524426
2PS1 1.0 95.8812140127
1B8X 1.0 105.146422821
1MKM 1.0 95.0379382806
1AQC 1.0 78.8029145956
1FSE 1.0 108.461289875
3D6K 1.0 66.2704928364
1TU5 1.0 73.9853656638
1I07 1.0 55.5444020102
1W9A 1.0 82.4343569478
2EWS 1.0 76.4305114142
1ZK7 1.0 94.1362895115
1FLK 1.0 225.309180258
2QKW 1.0 56.1038787366
1YZX 1.0 50.9282994419
1V96 1.0 68.6464353972
1ZUD 1.0 70.8595298809
2BPL 1.0 53.331937722
2GUZ 1.0 67.4684747013
2J05 1.0 93.4496990974
2IXC 1.0 64.8058205278
2DC3 1.0 161.160741826
2ISY 1.0 102.553971486
2MEV 1.0 57.9590589517
2A6H 1.0 229.020700167
1HUU 1.0 52.3180738866
1YYV 1.0 67.8647521044
2QYC 1.0 87.4130745517
2PLA 1.0 77.1812353572
1ZOY 1.0 189.850958096
2AYU 1.0 107.999454633
1ZOQ 1.0 72.8252493524
1VM8 1.0 75.464246743
2JD3 1.0 60.2936684363
2CSU 1.0 88.3541777889
3C5T 1.0 62.7169322152
2BTU 1.0 89.5227432384
2GCG 1.0 99.5737686182
1B0N 1.0 72.4992860701
1Z9M 1.0 58.6918975146
1R1U 1.0 64.1644049223
1SKZ 1.0 68.0423381871
1Y14 1.0 79.734706183
2QMO 1.0 83.4989310574
2FUL 1.0 112.063021785
1SV0 1.0 96.1038984156
1Z8G 1.0 86.5558073502
2UVK 1.0 69.3870785226
2QR4 1.0 74.2402213102
3B8B 1.0 90.5665719842
1TUK 1.0 86.6179348462
3BID 1.0 187.704237301
3CKY 1.0 87.6887383492
1AFS 1.0 95.0900193511
1RMD 1.0 80.8510511614
1R1Q 1.0 64.0591041961
1UKK 1.0 71.2286282441
1WWC 1.0 163.573322383
3FKD 1.0 85.3635383912
1SQ5 1.0 69.71601944
2NNA 1.0 82.5677331297
1BG5 1.0 56.6726323183
3EC8 1.0 48.930219443
2VRN 1.0 87.7113962098
2EPL 1.0 53.5476784861
2FQM 1.0 124.545589247
2P0S 1.0 208.767964486
2RB6 1.0 57.8851572893
Sorted by Average Score:
2E8E 1.0 46.2967194222
3FHW 1.0 48.5272411554
3EC8 1.0 48.930219443
3FZV 1.0 50.3549188505
1YZX 1.0 50.9282994419
1HUU 1.0 52.3180738866
2BPL 1.0 53.331937722
2EPL 1.0 53.5476784861
1EXS 1.0 54.370878785
1I07 1.0 55.5444020102
1EQW 1.0 55.6952463695
2QKW 1.0 56.1038787366
2F9D 1.0 56.3365440943
1BG5 1.0 56.6726323183
2QOG 1.0 56.7172814904
3CES 1.0 57.1206733788
2RB6 1.0 57.8851572893
2MEV 1.0 57.9590589517
2VPA 1.0 58.255661046
1Z9M 1.0 58.6918975146
2JD3 1.0 60.2936684363
1RZN 1.0 60.8942872447
3G7S 1.0 62.048196769
3F3B 1.0 62.6558540895
3C5T 1.0 62.7169322152
2DTC 1.0 62.9660706325
2GEC 1.0 63.8994547532
1R1Q 1.0 64.0591041961
1R1U 1.0 64.1644049223
2IXC 1.0 64.8058205278
1OV9 1.0 66.0859585017
3D6K 1.0 66.2704928364
2GUZ 1.0 67.4684747013
1YYV 1.0 67.8647521044
1SKZ 1.0 68.0423381871
1V96 1.0 68.6464353972
2UVK 1.0 69.3870785226
1SQ5 1.0 69.71601944
1TWD 1.0 70.7429156863
1ZUD 1.0 70.8595298809
1UKK 1.0 71.2286282441
2DX0 1.0 72.1964524426
1B0N 1.0 72.4992860701
1ZOQ 1.0 72.8252493524
1TU5 1.0 73.9853656638
2QR4 1.0 74.2402213102
1VM8 1.0 75.464246743
2EWS 1.0 76.4305114142
1QH4 1.0 76.8044840089
2PLA 1.0 77.1812353572
3E48 1.0 77.5861481541
1AQC 1.0 78.8029145956
1Y14 1.0 79.734706183
2ZIG 1.0 80.6447143535
2OM6 1.0 80.7339240115
2G7I 1.0 80.8256038959
1RMD 1.0 80.8510511614
3H2S 1.0 81.2379532863
2VKL 1.0 82.3009503845
1W9A 1.0 82.4343569478
2NNA 1.0 82.5677331297
2QMO 1.0 83.4989310574
3FKD 1.0 85.3635383912
1Z8G 1.0 86.5558073502
3DA0 1.0 86.5702151621
1TUK 1.0 86.6179348462
2QYC 1.0 87.4130745517
3CKY 1.0 87.6887383492
2VRN 1.0 87.7113962098
2CSU 1.0 88.3541777889
2BTU 1.0 89.5227432384
3B8B 1.0 90.5665719842
2HRZ 1.0 90.8552383497
1J27 1.0 91.2572053214
2F9I 1.0 92.7247625028
2J05 1.0 93.4496990974
2IIR 1.0 93.6590106234
1ZK7 1.0 94.1362895115
1MKM 1.0 95.0379382806
1AFS 1.0 95.0900193511
1A0M 1.0 95.1845564666
2PS1 1.0 95.8812140127
1SV0 1.0 96.1038984156
2WEA 1.0 97.2392529357
2GCG 1.0 99.5737686182
2DTR 1.0 100.548538514
2ISY 1.0 102.553971486
1B8X 1.0 105.146422821
2AYU 1.0 107.999454633
1FSE 1.0 108.461289875
2FUL 1.0 112.063021785
2GA0 1.0 119.813413723
2FQM 1.0 124.545589247
2DC3 1.0 161.160741826
1WWC 1.0 163.573322383
3BID 1.0 187.704237301
1ZOY 1.0 189.850958096
2P0S 1.0 208.767964486
1FLK 1.0 225.309180258
2A6H 1.0 229.020700167
----Statistics from Golden Section Scan----
Sorted by Appearances:
3B77 1.0 375.495055755
2UZ8 1.0 87.4611747736
2G7I 1.0 87.0843164143
2E8E 1.0 51.0387295734
2CS7 1.0 67.0132818903
1U2M 1.0 116.663836049
3DLQ 1.0 238.1470854
2V5I 1.0 45.7977583972
3DA0 1.0 90.277100201
3F9U 1.0 102.248577447
3E7Q 1.0 91.8717438337
2VPQ 1.0 50.8418348847
2QKW 1.0 109.028675237
2W43 1.0 92.3846625247
1CQ4 1.0 421.804692149
2RHM 1.0 100.632778139
1IQC 1.0 101.524757431
1PUG 1.0 85.7263041882
1HKQ 1.0 79.5646487838
1QH4 1.0 73.3969954993
2NZ7 1.0 588.426199761
3II0 1.0 94.2110002835
1Y82 1.0 53.5498665401
3H2S 1.0 91.5440949056
1W61 1.0 68.4942413061
3CES 1.0 108.499848347
2QOG 1.0 46.1255621341
2BDR 1.0 75.7753972913
1EXS 1.0 69.5945819559
1A0M 1.0 83.5747696225
2DX0 1.0 103.645309618
3CAO 1.0 432.726260038
1PZN 1.0 370.937366015
3BIC 1.0 97.0558670864
1Z8G 1.0 90.5941950688
1I07 1.0 56.1407570983
1W9A 1.0 49.8321294093
1OK8 1.0 59.9662489336
2EWS 1.0 78.7175379849
3EW0 1.0 203.598778912
3DF8 1.0 82.5934473587
2IUH 1.0 617.424638711
3H46 1.0 517.573000684
1J4A 1.0 71.6581164712
3BBY 1.0 76.3758810144
2BPL 1.0 73.0574005604
1CFB 1.0 481.727692399
2E50 1.0 1000.38168967
2RB6 1.0 76.5453411783
3C9U 1.0 78.5792429513
1ND6 1.0 76.1366726911
3EZ1 1.0 69.2777935581
2P3H 1.0 47.7018248301
1YRK 1.0 65.0854510037
2VDR 1.0 1104.81684466
3EN2 1.0 99.2889046296
3DRW 1.0 81.1525291297
1BY9 1.0 96.2780849524
1H8G 1.0 370.349105532
1B34 1.0 181.780378197
1J0W 1.0 91.0187098499
3CVR 1.0 75.4991902581
2RAU 1.0 97.0205140829
1EQW 1.0 50.4061782515
3D0W 1.0 75.7412836155
1B0N 1.0 66.2353381659
1RQB 1.0 83.6023875594
2PBI 1.0 53.2305187351
3HTR 1.0 85.7598361895
1SKZ 1.0 71.5381597239
1Y14 1.0 90.2146716568
3GG9 1.0 117.798321365
1VZJ 1.0 57.6295294823
1ZA6 1.0 581.043386801
2W3Q 1.0 145.651930492
3EZ2 1.0 73.4517001951
1V5W 1.0 413.939525758
2FB5 1.0 447.949271645
2BMX 1.0 73.2691159395
1QSM 1.0 49.7933384872
1SV0 1.0 86.0777665015
2RD1 1.0 66.8277915481
2UVK 1.0 64.2746505415
2F69 1.0 61.6673953596
1OEY 1.0 74.8699141346
2A9U 1.0 442.334262437
3E9K 1.0 64.5594254502
1UVQ 1.0 88.622159917
1UZ3 1.0 473.947966003
2VJI 2.0 44.7045587428
1YZX 2.0 69.1800777435
3EI3 2.0 64.2004469301
2VFO 2.0 59.2912821761
1MFT 2.0 69.9169963485
3F02 2.0 73.7168196623
2PA7 2.0 61.941795182
3I7D 2.0 50.4863831781
2C1L 2.0 64.1271860868
2P3P 2.0 61.3545299217
1GS5 2.0 65.9276225363
3IBM 3.0 48.7904207162
1KJQ 3.0 52.8539098676
2RB9 3.0 62.6380241849
Sorted by Average Score:
2VJI 2.0 44.7045587428
2V5I 1.0 45.7977583972
2QOG 1.0 46.1255621341
2P3H 1.0 47.7018248301
3IBM 3.0 48.7904207162
1QSM 1.0 49.7933384872
1W9A 1.0 49.8321294093
1EQW 1.0 50.4061782515
3I7D 2.0 50.4863831781
2VPQ 1.0 50.8418348847
2E8E 1.0 51.0387295734
1KJQ 3.0 52.8539098676
2PBI 1.0 53.2305187351
1Y82 1.0 53.5498665401
1I07 1.0 56.1407570983
1VZJ 1.0 57.6295294823
2VFO 2.0 59.2912821761
1OK8 1.0 59.9662489336
2P3P 2.0 61.3545299217
2F69 1.0 61.6673953596
2PA7 2.0 61.941795182
2RB9 3.0 62.6380241849
2C1L 2.0 64.1271860868
3EI3 2.0 64.2004469301
2UVK 1.0 64.2746505415
3E9K 1.0 64.5594254502
1YRK 1.0 65.0854510037
1GS5 2.0 65.9276225363
1B0N 1.0 66.2353381659
2RD1 1.0 66.8277915481
2CS7 1.0 67.0132818903
1W61 1.0 68.4942413061
1YZX 2.0 69.1800777435
3EZ1 1.0 69.2777935581
1EXS 1.0 69.5945819559
1MFT 2.0 69.9169963485
1SKZ 1.0 71.5381597239
1J4A 1.0 71.6581164712
2BPL 1.0 73.0574005604
2BMX 1.0 73.2691159395
1QH4 1.0 73.3969954993
3EZ2 1.0 73.4517001951
3F02 2.0 73.7168196623
1OEY 1.0 74.8699141346
3CVR 1.0 75.4991902581
3D0W 1.0 75.7412836155
2BDR 1.0 75.7753972913
1ND6 1.0 76.1366726911
3BBY 1.0 76.3758810144
2RB6 1.0 76.5453411783
3C9U 1.0 78.5792429513
2EWS 1.0 78.7175379849
1HKQ 1.0 79.5646487838
3DRW 1.0 81.1525291297
3DF8 1.0 82.5934473587
1A0M 1.0 83.5747696225
1RQB 1.0 83.6023875594
1PUG 1.0 85.7263041882
3HTR 1.0 85.7598361895
1SV0 1.0 86.0777665015
2G7I 1.0 87.0843164143
2UZ8 1.0 87.4611747736
1UVQ 1.0 88.622159917
1Y14 1.0 90.2146716568
3DA0 1.0 90.277100201
1Z8G 1.0 90.5941950688
1J0W 1.0 91.0187098499
3H2S 1.0 91.5440949056
3E7Q 1.0 91.8717438337
2W43 1.0 92.3846625247
3II0 1.0 94.2110002835
1BY9 1.0 96.2780849524
2RAU 1.0 97.0205140829
3BIC 1.0 97.0558670864
3EN2 1.0 99.2889046296
2RHM 1.0 100.632778139
1IQC 1.0 101.524757431
3F9U 1.0 102.248577447
2DX0 1.0 103.645309618
3CES 1.0 108.499848347
2QKW 1.0 109.028675237
1U2M 1.0 116.663836049
3GG9 1.0 117.798321365
2W3Q 1.0 145.651930492
1B34 1.0 181.780378197
3EW0 1.0 203.598778912
3DLQ 1.0 238.1470854
1H8G 1.0 370.349105532
1PZN 1.0 370.937366015
3B77 1.0 375.495055755
1V5W 1.0 413.939525758
1CQ4 1.0 421.804692149
3CAO 1.0 432.726260038
2A9U 1.0 442.334262437
2FB5 1.0 447.949271645
1UZ3 1.0 473.947966003
1CFB 1.0 481.727692399
3H46 1.0 517.573000684
1ZA6 1.0 581.043386801
2NZ7 1.0 588.426199761
2IUH 1.0 617.424638711
2E50 1.0 1000.38168967
2VDR 1.0 1104.81684466
----Statistics from Local Scan----
Sorted by Appearances:
3FHW 1.0 48.5272411554
1TWD 1.0 70.7429156863
1RZN 1.0 60.8942872447
2F9D 1.0 56.3365440943
2G7I 1.0 80.8256038959
2VKL 1.0 82.3009503845
2E8E 1.0 46.2967194222
2GA0 1.0 119.813413723
3DA0 1.0 86.5702151621
3G7S 1.0 62.048196769
3FZV 1.0 50.3549188505
2ZIG 1.0 80.6447143535
3F3B 1.0 62.6558540895
2WEA 1.0 97.2392529358
2DTR 1.0 100.548538514
2VPA 1.0 58.255661046
1QH4 1.0 76.8044840089
2OM6 1.0 80.7339240115
2GEC 1.0 63.8994547532
3H2S 1.0 81.2379532863
2IIR 1.0 93.6590106234
3E48 1.0 77.5861481541
1EQW 1.0 55.6952463695
2DTC 1.0 62.9660706325
1J27 1.0 91.2572053214
3CES 1.0 57.1206733788
2QOG 1.0 56.7172814904
1OV9 1.0 66.0859585017
1EXS 1.0 54.370878785
1A0M 1.0 95.1845564666
2HRZ 1.0 90.8552383497
2F9I 1.0 92.7247625028
2DX0 1.0 72.1964524426
2PS1 1.0 95.8812140127
1B8X 1.0 105.146422821
1MKM 1.0 95.0379382806
1AQC 1.0 78.8029145956
1FSE 1.0 108.461289875
3D6K 1.0 66.2704928364
1TU5 1.0 73.9853656638
1I07 1.0 55.5444020102
1W9A 1.0 82.4343569478
2EWS 1.0 76.4305114142
1ZK7 1.0 94.1362895115
1FLK 1.0 225.309180258
2QKW 1.0 56.1038787366
1YZX 1.0 50.9282994419
1V96 1.0 68.6464353972
1ZUD 1.0 70.8595298809
2BPL 1.0 53.331937722
2GUZ 1.0 67.4684747013
2J05 1.0 93.4496990974
2IXC 1.0 64.8058205278
2DC3 1.0 161.160741826
2ISY 1.0 102.553971486
2MEV 1.0 57.9590589517
2A6H 1.0 229.020700167
1HUU 1.0 52.3180738866
1YYV 1.0 67.8647521044
2QYC 1.0 87.4130745517
2PLA 1.0 77.1812353572
1ZOY 1.0 189.850958096
2AYU 1.0 107.999454633
1ZOQ 1.0 72.8252493524
1VM8 1.0 75.464246743
2JD3 1.0 60.2936684363
2CSU 1.0 88.3541777889
3C5T 1.0 62.7169322152
2BTU 1.0 89.5227432384
2GCG 1.0 99.5737686182
1B0N 1.0 72.4992860701
1Z9M 1.0 58.6918975146
1R1U 1.0 64.1644049223
1SKZ 1.0 68.0423381871
1Y14 1.0 79.734706183
2QMO 1.0 83.4989310574
2FUL 1.0 112.063021785
1SV0 1.0 96.1038984156
1Z8G 1.0 86.5558073502
2UVK 1.0 69.3870785226
2QR4 1.0 74.2402213102
3B8B 1.0 90.5665719842
1TUK 1.0 86.6179348462
3BID 1.0 187.704237301
3CKY 1.0 87.6887383492
1AFS 1.0 95.0900193511
1RMD 1.0 80.8510511614
1R1Q 1.0 64.0591041961
1UKK 1.0 71.2286282441
1WWC 1.0 163.573322383
3FKD 1.0 85.3635383912
1SQ5 1.0 69.71601944
2NNA 1.0 82.5677331297
1BG5 1.0 56.6726323183
3EC8 1.0 48.930219443
2VRN 1.0 87.7113962098
2EPL 1.0 53.5476784861
2FQM 1.0 124.545589247
2P0S 1.0 208.767964486
2RB6 1.0 57.8851572893
Sorted by Average Score:
2E8E 1.0 46.2967194222
3FHW 1.0 48.5272411554
3EC8 1.0 48.930219443
3FZV 1.0 50.3549188505
1YZX 1.0 50.9282994419
1HUU 1.0 52.3180738866
2BPL 1.0 53.331937722
2EPL 1.0 53.5476784861
1EXS 1.0 54.370878785
1I07 1.0 55.5444020102
1EQW 1.0 55.6952463695
2QKW 1.0 56.1038787366
2F9D 1.0 56.3365440943
1BG5 1.0 56.6726323183
2QOG 1.0 56.7172814904
3CES 1.0 57.1206733788
2RB6 1.0 57.8851572893
2MEV 1.0 57.9590589517
2VPA 1.0 58.255661046
1Z9M 1.0 58.6918975146
2JD3 1.0 60.2936684363
1RZN 1.0 60.8942872447
3G7S 1.0 62.048196769
3F3B 1.0 62.6558540895
3C5T 1.0 62.7169322152
2DTC 1.0 62.9660706325
2GEC 1.0 63.8994547532
1R1Q 1.0 64.0591041961
1R1U 1.0 64.1644049223
2IXC 1.0 64.8058205278
1OV9 1.0 66.0859585017
3D6K 1.0 66.2704928364
2GUZ 1.0 67.4684747013
1YYV 1.0 67.8647521044
1SKZ 1.0 68.0423381871
1V96 1.0 68.6464353972
2UVK 1.0 69.3870785226
1SQ5 1.0 69.71601944
1TWD 1.0 70.7429156863
1ZUD 1.0 70.8595298809
1UKK 1.0 71.2286282441
2DX0 1.0 72.1964524426
1B0N 1.0 72.4992860701
1ZOQ 1.0 72.8252493524
1TU5 1.0 73.9853656638
2QR4 1.0 74.2402213102
1VM8 1.0 75.464246743
2EWS 1.0 76.4305114142
1QH4 1.0 76.8044840089
2PLA 1.0 77.1812353572
3E48 1.0 77.5861481541
1AQC 1.0 78.8029145956
1Y14 1.0 79.734706183
2ZIG 1.0 80.6447143535
2OM6 1.0 80.7339240115
2G7I 1.0 80.8256038959
1RMD 1.0 80.8510511614
3H2S 1.0 81.2379532863
2VKL 1.0 82.3009503845
1W9A 1.0 82.4343569478
2NNA 1.0 82.5677331297
2QMO 1.0 83.4989310574
3FKD 1.0 85.3635383912
1Z8G 1.0 86.5558073502
3DA0 1.0 86.5702151621
1TUK 1.0 86.6179348462
2QYC 1.0 87.4130745517
3CKY 1.0 87.6887383492
2VRN 1.0 87.7113962098
2CSU 1.0 88.3541777889
2BTU 1.0 89.5227432384
3B8B 1.0 90.5665719842
2HRZ 1.0 90.8552383497
1J27 1.0 91.2572053214
2F9I 1.0 92.7247625028
2J05 1.0 93.4496990974
2IIR 1.0 93.6590106234
1ZK7 1.0 94.1362895115
1MKM 1.0 95.0379382806
1AFS 1.0 95.0900193511
1A0M 1.0 95.1845564666
2PS1 1.0 95.8812140127
1SV0 1.0 96.1038984156
2WEA 1.0 97.2392529358
2GCG 1.0 99.5737686182
2DTR 1.0 100.548538514
2ISY 1.0 102.553971486
1B8X 1.0 105.146422821
2AYU 1.0 107.999454633
1FSE 1.0 108.461289875
2FUL 1.0 112.063021785
2GA0 1.0 119.813413723
2FQM 1.0 124.545589247
2DC3 1.0 161.160741826
1WWC 1.0 163.573322383
3BID 1.0 187.704237301
1ZOY 1.0 189.850958096
2P0S 1.0 208.767964486
1FLK 1.0 225.309180258
2A6H 1.0 229.020700167
